<?xml version="1.0" encoding="UTF-8"?>
<testng-results ignored="0" total="2" passed="2" failed="0" skipped="0">
  <reporter-output>
  </reporter-output>
  <suite started-at="2022-01-19T07:07:31 IST" name="Default suite" finished-at="2022-01-19T07:07:53 IST" duration-ms="21997">
    <groups>
    </groups>
    <test started-at="2022-01-19T07:07:31 IST" name="Default test" finished-at="2022-01-19T07:07:53 IST" duration-ms="21997">
      <class name="testNGTests.Cls2">
        <test-method is-config="true" signature="openBrowser()[pri:0, instance:testNGTests.Cls2@74751b3]" started-at="2022-01-19T07:07:31 IST" name="openBrowser" finished-at="2022-01-19T07:07:41 IST" duration-ms="9417" status="PASS">
          <reporter-output>
          </reporter-output>
        </test-method> <!-- openBrowser -->
        <test-method is-config="true" signature="refreshScreen()[pri:0, instance:testNGTests.Cls2@74751b3]" started-at="2022-01-19T07:07:41 IST" name="refreshScreen" finished-at="2022-01-19T07:07:43 IST" duration-ms="2900" status="PASS">
          <reporter-output>
          </reporter-output>
        </test-method> <!-- refreshScreen -->
        <test-method signature="registrationUser1()[pri:0, instance:testNGTests.Cls2@74751b3]" started-at="2022-01-19T07:07:43 IST" name="registrationUser1" finished-at="2022-01-19T07:07:46 IST" duration-ms="2394" status="PASS">
          <reporter-output>
          </reporter-output>
        </test-method> <!-- registrationUser1 -->
        <test-method is-config="true" signature="refreshScreen()[pri:0, instance:testNGTests.Cls2@74751b3]" started-at="2022-01-19T07:07:46 IST" name="refreshScreen" finished-at="2022-01-19T07:07:49 IST" duration-ms="2630" status="PASS">
          <reporter-output>
          </reporter-output>
        </test-method> <!-- refreshScreen -->
        <test-method signature="registrationUser2()[pri:0, instance:testNGTests.Cls2@74751b3]" started-at="2022-01-19T07:07:49 IST" name="registrationUser2" finished-at="2022-01-19T07:07:53 IST" duration-ms="4528" status="PASS">
          <reporter-output>
          </reporter-output>
        </test-method> <!-- registrationUser2 -->
        <test-method is-config="true" signature="closeBrowser()[pri:0, instance:testNGTests.Cls2@74751b3]" started-at="2022-01-19T07:07:53 IST" name="closeBrowser" finished-at="2022-01-19T07:07:53 IST" duration-ms="79" status="PASS">
          <reporter-output>
          </reporter-output>
        </test-method> <!-- closeBrowser -->
      </class> <!-- testNGTests.Cls2 -->
    </test> <!-- Default test -->
  </suite> <!-- Default suite -->
</testng-results>
